

-------------
iter: 0

g0: 50104, 49896
sum: 100000


-------------
iter: 1

g0: 25440, 24664
g1: 24914, 24982
sum: 100000


-------------
iter: 2

g0: 12770, 12670
g1: 12074, 12590
g2: 12402, 12512
g3: 12692, 12290
sum: 100000


-------------
iter: 3

g0: 6428, 6342
g1: 6507, 6163
g2: 6105, 5969
g3: 6296, 6294
g4: 6151, 6251
g5: 6124, 6388
g6: 6389, 6303
g7: 6165, 6125
sum: 100000


-------------
iter: 4

g0: 3277, 3151
g1: 3100, 3242
g2: 3109, 3398
g3: 3098, 3065
g4: 2905, 3200
g5: 2934, 3035
g6: 3189, 3107
g7: 3238, 3056
g8: 3115, 3036
g9: 3058, 3193
g10: 3067, 3057
g11: 3161, 3227
g12: 3250, 3139
g13: 3079, 3224
g14: 3091, 3074
g15: 3107, 3018
sum: 100000


-------------
iter: 5

g0: 1594, 1683
g1: 1568, 1583
g2: 1502, 1598
g3: 1622, 1620
g4: 1585, 1524
g5: 1734, 1664
g6: 1535, 1563
g7: 1593, 1472
g8: 1447, 1458
g9: 1587, 1613
g10: 1447, 1487
g11: 1575, 1460
g12: 1532, 1657
g13: 1580, 1527
g14: 1609, 1629
g15: 1450, 1606
g16: 1507, 1608
g17: 1532, 1504
g18: 1507, 1551
g19: 1644, 1549
g20: 1508, 1559
g21: 1538, 1519
g22: 1574, 1587
g23: 1627, 1600
g24: 1631, 1619
g25: 1391, 1748
g26: 1518, 1561
g27: 1552, 1672
g28: 1558, 1533
g29: 1529, 1545
g30: 1547, 1560
g31: 1503, 1515
sum: 100000


-------------
iter: 6

g0: 751, 843
g1: 881, 802
g2: -1, -1
g3: 751, 832
g4: -1, -1
g5: 820, 778
g6: 779, 843
g7: 804, 816
g8: 834, 751
g9: -1, -1
g10: 847, 887
g11: 877, 787
g12: -1, -1
g13: -1, -1
g14: 812, 781
g15: -1, -1
g16: -1, -1
g17: -1, -1
g18: 771, 816
g19: 823, 790
g20: -1, -1
g21: -1, -1
g22: 836, 739
g23: -1, -1
g24: -1, -1
g25: 830, 827
g26: 813, 767
g27: -1, -1
g28: 833, 776
g29: 799, 830
g30: -1, -1
g31: 839, 767
g32: -1, -1
g33: 839, 769
g34: -1, -1
g35: -1, -1
g36: -1, -1
g37: -1, -1
g38: 899, 745
g39: -1, -1
g40: -1, -1
g41: -1, -1
g42: -1, -1
g43: -1, -1
g44: -1, -1
g45: 739, 848
g46: 818, 809
g47: 822, 778
g48: 838, 793
g49: 852, 767
g50: -1, -1
g51: 893, 855
g52: -1, -1
g53: -1, -1
g54: -1, -1
g55: 805, 867
g56: -1, -1
g57: -1, -1
g58: -1, -1
g59: -1, -1
g60: -1, -1
g61: -1, -1
g62: -1, -1
g63: -1, -1
sum: 43794

n trees built: 1 / 20

-------------
iter: 0

g0: 50147, 49853
sum: 100000


-------------
iter: 1

g0: 25127, 25020
g1: 24964, 24889
sum: 100000


-------------
iter: 2

g0: 12792, 12335
g1: 12629, 12391
g2: 12822, 12142
g3: 12598, 12291
sum: 100000


-------------
iter: 3

g0: 6552, 6240
g1: 6123, 6212
g2: 6346, 6283
g3: 6136, 6255
g4: 6111, 6711
g5: 6076, 6066
g6: 6321, 6277
g7: 5952, 6339
sum: 100000


-------------
iter: 4

g0: 3330, 3222
g1: 3165, 3075
g2: 3040, 3083
g3: 2987, 3225
g4: 3293, 3053
g5: 3117, 3166
g6: 3055, 3081
g7: 3227, 3028
g8: 3215, 2896
g9: 3284, 3427
g10: 2982, 3094
g11: 3017, 3049
g12: 3056, 3265
g13: 3163, 3114
g14: 2746, 3206
g15: 3070, 3269
sum: 100000


-------------
iter: 5

g0: 1648, 1682
g1: 1615, 1607
g2: 1547, 1618
g3: 1493, 1582
g4: 1485, 1555
g5: 1589, 1494
g6: 1457, 1530
g7: 1611, 1614
g8: 1647, 1646
g9: 1504, 1549
g10: 1599, 1518
g11: 1571, 1595
g12: 1501, 1554
g13: 1558, 1523
g14: 1643, 1584
g15: 1491, 1537
g16: 1676, 1539
g17: 1436, 1460
g18: 1524, 1760
g19: 1782, 1645
g20: 1444, 1538
g21: 1601, 1493
g22: 1542, 1475
g23: 1565, 1484
g24: 1480, 1576
g25: 1513, 1752
g26: 1566, 1597
g27: 1519, 1595
g28: 1358, 1388
g29: 1627, 1579
g30: 1479, 1591
g31: 1675, 1594
sum: 100000


-------------
iter: 6

g0: 795, 853
g1: 843, 839
g2: 821, 794
g3: 806, 801
g4: -1, -1
g5: 801, 817
g6: -1, -1
g7: 772, 810
g8: -1, -1
g9: -1, -1
g10: 809, 780
g11: -1, -1
g12: -1, -1
g13: -1, -1
g14: 843, 768
g15: 885, 729
g16: 877, 770
g17: 773, 873
g18: -1, -1
g19: -1, -1
g20: 789, 810
g21: -1, -1
g22: -1, -1
g23: 796, 799
g24: -1, -1
g25: -1, -1
g26: -1, -1
g27: -1, -1
g28: 815, 828
g29: 751, 833
g30: -1, -1
g31: -1, -1
g32: 803, 873
g33: -1, -1
g34: -1, -1
g35: -1, -1
g36: -1, -1
g37: 927, 833
g38: 855, 927
g39: 849, 796
g40: -1, -1
g41: -1, -1
g42: 827, 774
g43: -1, -1
g44: -1, -1
g45: -1, -1
g46: -1, -1
g47: -1, -1
g48: -1, -1
g49: 786, 790
g50: -1, -1
g51: 876, 876
g52: -1, -1
g53: 836, 761
g54: -1, -1
g55: 785, 810
g56: -1, -1
g57: -1, -1
g58: 777, 850
g59: 787, 792
g60: -1, -1
g61: 804, 787
g62: 847, 828
g63: 775, 819
sum: 47260

n trees built: 2 / 20

-------------
iter: 0

g0: 50205, 49795
sum: 100000


-------------
iter: 1

g0: 25305, 24900
g1: 25117, 24678
sum: 100000


-------------
iter: 2

g0: 12446, 12859
g1: 11954, 12946
g2: 12734, 12383
g3: 12322, 12356
sum: 100000


-------------
iter: 3

g0: 6224, 6222
g1: 6387, 6472
g2: 5979, 5975
g3: 6368, 6578
g4: 6495, 6239
g5: 6116, 6267
g6: 6195, 6127
g7: 6105, 6251
sum: 100000


-------------
iter: 4

g0: 2937, 3287
g1: 3248, 2974
g2: 3199, 3188
g3: 3361, 3111
g4: 2981, 2998
g5: 3021, 2954
g6: 3095, 3273
g7: 3457, 3121
g8: 3231, 3264
g9: 3070, 3169
g10: 2909, 3207
g11: 3133, 3134
g12: 2988, 3207
g13: 3011, 3116
g14: 2984, 3121
g15: 3129, 3122
sum: 100000


-------------
iter: 5

g0: 1400, 1537
g1: 1662, 1625
g2: 1586, 1662
g3: 1491, 1483
g4: 1633, 1566
g5: 1556, 1632
g6: 1632, 1729
g7: 1612, 1499
g8: 1538, 1443
g9: 1527, 1471
g10: 1444, 1577
g11: 1502, 1452
g12: 1555, 1540
g13: 1628, 1645
g14: 1738, 1719
g15: 1561, 1560
g16: 1615, 1616
g17: 1729, 1535
g18: 1563, 1507
g19: 1562, 1607
g20: 1515, 1394
g21: 1580, 1627
g22: 1525, 1608
g23: 1584, 1550
g24: 1475, 1513
g25: 1644, 1563
g26: 1496, 1515
g27: 1521, 1595
g28: 1529, 1455
g29: 1606, 1515
g30: 1532, 1597
g31: 1529, 1593
sum: 100000


-------------
iter: 6

g0: -1, -1
g1: -1, -1
g2: 799, 863
g3: 818, 807
g4: 844, 742
g5: 818, 844
g6: -1, -1
g7: -1, -1
g8: 832, 801
g9: -1, -1
g10: -1, -1
g11: 849, 783
g12: 814, 818
g13: 895, 834
g14: 767, 845
g15: -1, -1
g16: -1, -1
g17: -1, -1
g18: -1, -1
g19: -1, -1
g20: -1, -1
g21: 797, 780
g22: -1, -1
g23: -1, -1
g24: -1, -1
g25: -1, -1
g26: 830, 798
g27: 832, 813
g28: 874, 864
g29: 862, 857
g30: -1, -1
g31: -1, -1
g32: 796, 819
g33: 807, 809
g34: 781, 948
g35: -1, -1
g36: -1, -1
g37: -1, -1
g38: -1, -1
g39: 808, 799
g40: -1, -1
g41: -1, -1
g42: 798, 782
g43: 832, 795
g44: -1, -1
g45: 811, 797
g46: 769, 815
g47: -1, -1
g48: -1, -1
g49: -1, -1
g50: 850, 794
g51: -1, -1
g52: -1, -1
g53: -1, -1
g54: -1, -1
g55: 796, 799
g56: -1, -1
g57: -1, -1
g58: 829, 777
g59: -1, -1
g60: -1, -1
g61: 783, 814
g62: -1, -1
g63: 813, 780
sum: 44007

n trees built: 3 / 20

-------------
iter: 0

g0: 50143, 49857
sum: 100000


-------------
iter: 1

g0: 25445, 24698
g1: 25270, 24587
sum: 100000


-------------
iter: 2

g0: 12239, 13206
g1: 12512, 12186
g2: 12599, 12671
g3: 12390, 12197
sum: 100000


-------------
iter: 3

g0: 5975, 6264
g1: 6645, 6561
g2: 6259, 6253
g3: 6080, 6106
g4: 6260, 6339
g5: 6530, 6141
g6: 6067, 6323
g7: 6249, 5948
sum: 100000


-------------
iter: 4

g0: 3029, 2946
g1: 3108, 3156
g2: 3267, 3378
g3: 3205, 3356
g4: 3040, 3219
g5: 3216, 3037
g6: 3143, 2937
g7: 3065, 3041
g8: 3088, 3172
g9: 3043, 3296
g10: 3145, 3385
g11: 3108, 3033
g12: 2978, 3089
g13: 3159, 3164
g14: 3115, 3134
g15: 2998, 2950
sum: 100000


-------------
iter: 5

g0: 1549, 1480
g1: 1458, 1488
g2: 1487, 1621
g3: 1573, 1583
g4: 1728, 1539
g5: 1712, 1666
g6: 1601, 1604
g7: 1727, 1629
g8: 1546, 1494
g9: 1598, 1621
g10: 1661, 1555
g11: 1498, 1539
g12: 1563, 1580
g13: 1484, 1453
g14: 1563, 1502
g15: 1498, 1543
g16: 1572, 1516
g17: 1532, 1640
g18: 1483, 1560
g19: 1607, 1689
g20: 1528, 1617
g21: 1701, 1684
g22: 1483, 1625
g23: 1503, 1530
g24: 1572, 1406
g25: 1627, 1462
g26: 1632, 1527
g27: 1568, 1596
g28: 1492, 1623
g29: 1548, 1586
g30: 1502, 1496
g31: 1497, 1453
sum: 100000


-------------
iter: 6

g0: -1, -1
g1: -1, -1
g2: -1, -1
g3: -1, -1
g4: -1, -1
g5: 774, 847
g6: -1, -1
g7: 813, 770
g8: 921, 807
g9: -1, -1
g10: 818, 894
g11: 884, 782
g12: 783, 818
g13: 813, 791
g14: 864, 863
g15: 819, 810
g16: -1, -1
g17: -1, -1
g18: 839, 759
g19: 793, 828
g20: 836, 825
g21: -1, -1
g22: -1, -1
g23: -1, -1
g24: -1, -1
g25: 772, 808
g26: -1, -1
g27: -1, -1
g28: -1, -1
g29: -1, -1
g30: -1, -1
g31: -1, -1
g32: -1, -1
g33: -1, -1
g34: -1, -1
g35: 839, 801
g36: -1, -1
g37: -1, -1
g38: 836, 771
g39: 814, 875
g40: -1, -1
g41: 814, 803
g42: 868, 833
g43: 837, 847
g44: -1, -1
g45: 808, 817
g46: -1, -1
g47: -1, -1
g48: -1, -1
g49: -1, -1
g50: 838, 789
g51: -1, -1
g52: 793, 839
g53: -1, -1
g54: -1, -1
g55: 814, 782
g56: -1, -1
g57: 804, 819
g58: -1, -1
g59: 757, 829
g60: -1, -1
g61: -1, -1
g62: -1, -1
g63: -1, -1
sum: 40880

n trees built: 4 / 20

-------------
iter: 0

g0: 49897, 50103
sum: 100000


-------------
iter: 1

g0: 24789, 25108
g1: 24915, 25188
sum: 100000


-------------
iter: 2

g0: 12604, 12185
g1: 12674, 12434
g2: 12629, 12286
g3: 12376, 12812
sum: 100000


-------------
iter: 3

g0: 6481, 6123
g1: 6101, 6084
g2: 6396, 6278
g3: 6562, 5872
g4: 6403, 6226
g5: 6029, 6257
g6: 6539, 5837
g7: 6444, 6368
sum: 100000


-------------
iter: 4

g0: 3244, 3237
g1: 3075, 3048
g2: 3149, 2952
g3: 2942, 3142
g4: 3016, 3380
g5: 2990, 3288
g6: 3306, 3256
g7: 3057, 2815
g8: 3358, 3045
g9: 3147, 3079
g10: 2803, 3226
g11: 3272, 2985
g12: 3159, 3380
g13: 2901, 2936
g14: 3226, 3218
g15: 3106, 3262
sum: 100000


-------------
iter: 5

g0: 1527, 1717
g1: 1598, 1639
g2: 1527, 1548
g3: 1449, 1599
g4: 1525, 1624
g5: 1582, 1370
g6: 1460, 1482
g7: 1615, 1527
g8: 1506, 1510
g9: 1660, 1720
g10: 1515, 1475
g11: 1646, 1642
g12: 1667, 1639
g13: 1666, 1590
g14: 1549, 1508
g15: 1383, 1432
g16: 1712, 1646
g17: 1570, 1475
g18: 1565, 1582
g19: 1550, 1529
g20: 1455, 1348
g21: 1541, 1685
g22: 1612, 1660
g23: 1373, 1612
g24: 1569, 1590
g25: 1658, 1722
g26: 1517, 1384
g27: 1473, 1463
g28: 1597, 1629
g29: 1610, 1608
g30: 1598, 1508
g31: 1742, 1520
sum: 100000


-------------
iter: 6

g0: -1, -1
g1: 841, 876
g2: 799, 799
g3: 763, 876
g4: -1, -1
g5: -1, -1
g6: -1, -1
g7: 822, 777
g8: -1, -1
g9: 796, 828
g10: 830, 752
g11: -1, -1
g12: -1, -1
g13: -1, -1
g14: 760, 855
g15: -1, -1
g16: -1, -1
g17: -1, -1
g18: 851, 809
g19: 856, 864
g20: -1, -1
g21: -1, -1
g22: 859, 787
g23: 824, 818
g24: 835, 832
g25: 794, 845
g26: 833, 833
g27: 776, 814
g28: -1, -1
g29: -1, -1
g30: -1, -1
g31: -1, -1
g32: 837, 875
g33: 830, 816
g34: -1, -1
g35: -1, -1
g36: -1, -1
g37: 811, 771
g38: -1, -1
g39: -1, -1
g40: -1, -1
g41: -1, -1
g42: -1, -1
g43: 832, 853
g44: 734, 878
g45: 795, 865
g46: -1, -1
g47: 799, 813
g48: -1, -1
g49: 849, 741
g50: 800, 858
g51: 870, 852
g52: -1, -1
g53: -1, -1
g54: -1, -1
g55: -1, -1
g56: 793, 804
g57: 772, 857
g58: 784, 826
g59: 863, 745
g60: 783, 815
g61: -1, -1
g62: 880, 862
g63: -1, -1
sum: 50801

n trees built: 5 / 20

-------------
iter: 0

g0: 50123, 49877
sum: 100000


-------------
iter: 1

g0: 25304, 24819
g1: 25264, 24613
sum: 100000


-------------
iter: 2

g0: 12349, 12955
g1: 12444, 12375
g2: 12545, 12719
g3: 12454, 12159
sum: 100000


-------------
iter: 3

g0: 6340, 6009
g1: 6362, 6593
g2: 6448, 5996
g3: 6370, 6005
g4: 6272, 6273
g5: 6304, 6415
g6: 6284, 6170
g7: 6027, 6132
sum: 100000


-------------
iter: 4

g0: 3138, 3202
g1: 3025, 2984
g2: 3117, 3245
g3: 3325, 3268
g4: 3115, 3333
g5: 3018, 2978
g6: 3200, 3170
g7: 2961, 3044
g8: 3111, 3161
g9: 2993, 3280
g10: 3111, 3193
g11: 3206, 3209
g12: 3220, 3064
g13: 3181, 2989
g14: 2988, 3039
g15: 3069, 3063
sum: 100000


-------------
iter: 5

g0: 1528, 1610
g1: 1552, 1650
g2: 1503, 1522
g3: 1443, 1541
g4: 1539, 1578
g5: 1638, 1607
g6: 1559, 1766
g7: 1681, 1587
g8: 1614, 1501
g9: 1571, 1762
g10: 1492, 1526
g11: 1584, 1394
g12: 1673, 1527
g13: 1565, 1605
g14: 1500, 1461
g15: 1522, 1522
g16: 1520, 1591
g17: 1599, 1562
g18: 1513, 1480
g19: 1634, 1646
g20: 1555, 1556
g21: 1563, 1630
g22: 1496, 1710
g23: 1534, 1675
g24: 1702, 1518
g25: 1563, 1501
g26: 1750, 1431
g27: 1490, 1499
g28: 1489, 1499
g29: 1561, 1478
g30: 1506, 1563
g31: 1536, 1527
sum: 100000


-------------
iter: 6

g0: -1, -1
g1: 862, 748
g2: -1, -1
g3: 846, 804
g4: -1, -1
g5: -1, -1
g6: -1, -1
g7: -1, -1
g8: -1, -1
g9: 778, 800
g10: 780, 858
g11: 811, 796
g12: -1, -1
g13: 870, 896
g14: 772, 909
g15: 767, 820
g16: 820, 794
g17: -1, -1
g18: -1, -1
g19: 926, 836
g20: -1, -1
g21: -1, -1
g22: 816, 768
g23: -1, -1
g24: 843, 830
g25: -1, -1
g26: -1, -1
g27: 859, 746
g28: -1, -1
g29: -1, -1
g30: -1, -1
g31: -1, -1
g32: -1, -1
g33: 812, 779
g34: 801, 798
g35: -1, -1
g36: -1, -1
g37: -1, -1
g38: 830, 804
g39: 811, 835
g40: -1, -1
g41: -1, -1
g42: -1, -1
g43: 784, 846
g44: -1, -1
g45: 845, 865
g46: -1, -1
g47: 883, 792
g48: 884, 818
g49: -1, -1
g50: -1, -1
g51: -1, -1
g52: 935, 815
g53: -1, -1
g54: -1, -1
g55: -1, -1
g56: -1, -1
g57: -1, -1
g58: -1, -1
g59: -1, -1
g60: -1, -1
g61: -1, -1
g62: -1, -1
g63: -1, -1
sum: 36208

n trees built: 6 / 20

-------------
iter: 0

g0: 49996, 50004
sum: 100000


-------------
iter: 1

g0: 25205, 24791
g1: 25679, 24325
sum: 100000


-------------
iter: 2

g0: 12410, 12795
g1: 12163, 12628
g2: 12987, 12692
g3: 12005, 12320
sum: 100000


-------------
iter: 3

g0: 6366, 6044
g1: 6322, 6473
g2: 6044, 6119
g3: 6099, 6529
g4: 6475, 6512
g5: 6210, 6482
g6: 5976, 6029
g7: 6165, 6155
sum: 100000


-------------
iter: 4

g0: 3253, 3113
g1: 3086, 2958
g2: 3115, 3207
g3: 3190, 3283
g4: 2963, 3081
g5: 3124, 2995
g6: 3001, 3098
g7: 3217, 3312
g8: 3237, 3238
g9: 3189, 3323
g10: 3022, 3188
g11: 3407, 3075
g12: 2896, 3080
g13: 2976, 3053
g14: 3085, 3080
g15: 2959, 3196
sum: 100000


-------------
iter: 5

g0: 1577, 1676
g1: 1525, 1588
g2: 1575, 1511
g3: 1511, 1447
g4: 1464, 1651
g5: 1555, 1652
g6: 1617, 1573
g7: 1685, 1598
g8: 1435, 1528
g9: 1565, 1516
g10: 1572, 1552
g11: 1603, 1392
g12: 1503, 1498
g13: 1521, 1577
g14: 1597, 1620
g15: 1611, 1701
g16: 1600, 1637
g17: 1529, 1709
g18: 1533, 1656
g19: 1542, 1781
g20: 1428, 1594
g21: 1617, 1571
g22: 1685, 1722
g23: 1541, 1534
g24: 1519, 1377
g25: 1492, 1588
g26: 1472, 1504
g27: 1615, 1438
g28: 1592, 1493
g29: 1565, 1515
g30: 1458, 1501
g31: 1711, 1485
sum: 100000


-------------
iter: 6

g0: 706, 871
g1: 880, 796
g2: -1, -1
g3: 749, 839
g4: 736, 839
g5: -1, -1
g6: -1, -1
g7: -1, -1
g8: -1, -1
g9: 803, 848
g10: -1, -1
g11: 782, 870
g12: 829, 788
g13: -1, -1
g14: 757, 928
g15: 773, 825
g16: -1, -1
g17: -1, -1
g18: -1, -1
g19: -1, -1
g20: -1, -1
g21: -1, -1
g22: 765, 838
g23: -1, -1
g24: -1, -1
g25: -1, -1
g26: -1, -1
g27: 815, 762
g28: 805, 792
g29: 810, 810
g30: 840, 771
g31: 912, 789
g32: 826, 774
g33: 831, 806
g34: -1, -1
g35: 850, 859
g36: -1, -1
g37: 758, 898
g38: -1, -1
g39: 905, 876
g40: -1, -1
g41: 827, 767
g42: 815, 802
g43: -1, -1
g44: 856, 829
g45: 897, 825
g46: -1, -1
g47: -1, -1
g48: -1, -1
g49: -1, -1
g50: -1, -1
g51: 809, 779
g52: -1, -1
g53: -1, -1
g54: 841, 774
g55: -1, -1
g56: 772, 820
g57: -1, -1
g58: -1, -1
g59: -1, -1
g60: -1, -1
g61: -1, -1
g62: 821, 890
g63: -1, -1
sum: 45763

n trees built: 7 / 20

-------------
iter: 0

g0: 50000, 50000
sum: 100000


-------------
iter: 1

g0: 25016, 24984
g1: 25202, 24798
sum: 100000


-------------
iter: 2

g0: 12607, 12409
g1: 12403, 12581
g2: 12426, 12776
g3: 12393, 12405
sum: 100000


-------------
iter: 3

g0: 6428, 6179
g1: 6116, 6293
g2: 6381, 6022
g3: 6466, 6115
g4: 6159, 6267
g5: 6232, 6544
g6: 6284, 6109
g7: 6139, 6266
sum: 100000


-------------
iter: 4

g0: 3292, 3136
g1: 3135, 3044
g2: 3115, 3001
g3: 3197, 3096
g4: 3138, 3243
g5: 3054, 2968
g6: 3075, 3391
g7: 3011, 3104
g8: 3136, 3023
g9: 3043, 3224
g10: 3062, 3170
g11: 3191, 3353
g12: 3094, 3190
g13: 3043, 3066
g14: 3069, 3070
g15: 3179, 3087
sum: 100000


-------------
iter: 5

g0: 1702, 1590
g1: 1520, 1616
g2: 1578, 1557
g3: 1557, 1487
g4: 1557, 1558
g5: 1518, 1483
g6: 1658, 1539
g7: 1542, 1554
g8: 1381, 1757
g9: 1680, 1563
g10: 1485, 1569
g11: 1438, 1530
g12: 1542, 1533
g13: 1692, 1699
g14: 1484, 1527
g15: 1552, 1552
g16: 1576, 1560
g17: 1506, 1517
g18: 1496, 1547
g19: 1653, 1571
g20: 1568, 1494
g21: 1607, 1563
g22: 1557, 1634
g23: 1705, 1648
g24: 1524, 1570
g25: 1602, 1588
g26: 1559, 1484
g27: 1518, 1548
g28: 1515, 1554
g29: 1513, 1557
g30: 1591, 1588
g31: 1490, 1597
sum: 100000


-------------
iter: 6

g0: 855, 847
g1: 803, 787
g2: -1, -1
g3: 823, 793
g4: 784, 794
g5: -1, -1
g6: -1, -1
g7: -1, -1
g8: -1, -1
g9: -1, -1
g10: -1, -1
g11: -1, -1
g12: 786, 872
g13: -1, -1
g14: -1, -1
g15: -1, -1
g16: -1, -1
g17: 864, 893
g18: 797, 883
g19: -1, -1
g20: -1, -1
g21: -1, -1
g22: -1, -1
g23: -1, -1
g24: -1, -1
g25: -1, -1
g26: 848, 844
g27: 881, 818
g28: -1, -1
g29: -1, -1
g30: -1, -1
g31: -1, -1
g32: 758, 818
g33: -1, -1
g34: -1, -1
g35: -1, -1
g36: -1, -1
g37: -1, -1
g38: 843, 810
g39: -1, -1
g40: -1, -1
g41: -1, -1
g42: 708, 899
g43: -1, -1
g44: -1, -1
g45: 839, 795
g46: 894, 811
g47: 795, 853
g48: -1, -1
g49: -1, -1
g50: 752, 850
g51: 750, 838
g52: -1, -1
g53: -1, -1
g54: -1, -1
g55: -1, -1
g56: -1, -1
g57: -1, -1
g58: -1, -1
g59: -1, -1
g60: 811, 780
g61: 737, 851
g62: -1, -1
g63: 727, 870
sum: 32673

n trees built: 8 / 20

-------------
iter: 0

g0: 49908, 50092
sum: 100000


-------------
iter: 1

g0: 25701, 24207
g1: 25395, 24697
sum: 100000


-------------
iter: 2

g0: 13196, 12505
g1: 12042, 12165
g2: 12615, 12780
g3: 12889, 11808
sum: 100000


-------------
iter: 3

g0: 6544, 6652
g1: 6361, 6144
g2: 6184, 5858
g3: 6034, 6131
g4: 6323, 6292
g5: 6518, 6262
g6: 6451, 6438
g7: 5837, 5971
sum: 100000


-------------
iter: 4

g0: 3234, 3310
g1: 3175, 3477
g2: 3123, 3238
g3: 3164, 2980
g4: 2916, 3268
g5: 2940, 2918
g6: 3062, 2972
g7: 2923, 3208
g8: 3099, 3224
g9: 3155, 3137
g10: 3169, 3349
g11: 3050, 3212
g12: 3184, 3267
g13: 3205, 3233
g14: 2823, 3014
g15: 3010, 2961
sum: 100000


-------------
iter: 5

g0: 1667, 1567
g1: 1661, 1649
g2: 1614, 1561
g3: 1729, 1748
g4: 1595, 1528
g5: 1606, 1632
g6: 1567, 1597
g7: 1492, 1488
g8: 1469, 1447
g9: 1639, 1629
g10: 1482, 1458
g11: 1506, 1412
g12: 1584, 1478
g13: 1517, 1455
g14: 1429, 1494
g15: 1592, 1616
g16: 1554, 1545
g17: 1591, 1633
g18: 1541, 1614
g19: 1571, 1566
g20: 1594, 1575
g21: 1689, 1660
g22: 1532, 1518
g23: 1629, 1583
g24: 1619, 1565
g25: 1643, 1624
g26: 1623, 1582
g27: 1600, 1633
g28: 1339, 1484
g29: 1499, 1515
g30: 1560, 1450
g31: 1455, 1506
sum: 100000


-------------
iter: 6

g0: 838, 829
g1: -1, -1
g2: 797, 864
g3: 837, 812
g4: 791, 823
g5: -1, -1
g6: 812, 917
g7: 879, 869
g8: 793, 802
g9: -1, -1
g10: 843, 763
g11: 853, 779
g12: -1, -1
g13: 821, 776
g14: -1, -1
g15: -1, -1
g16: -1, -1
g17: -1, -1
g18: 840, 799
g19: 813, 816
g20: -1, -1
g21: -1, -1
g22: -1, -1
g23: -1, -1
g24: 814, 770
g25: -1, -1
g26: -1, -1
g27: -1, -1
g28: -1, -1
g29: -1, -1
g30: 777, 815
g31: 777, 839
g32: -1, -1
g33: -1, -1
g34: 785, 806
g35: 804, 829
g36: -1, -1
g37: 780, 834
g38: -1, -1
g39: -1, -1
g40: 824, 770
g41: 830, 745
g42: 809, 880
g43: 813, 847
g44: -1, -1
g45: -1, -1
g46: 810, 819
g47: 835, 748
g48: 860, 759
g49: -1, -1
g50: 787, 856
g51: 826, 798
g52: 863, 760
g53: 759, 823
g54: 811, 789
g55: 807, 826
g56: -1, -1
g57: -1, -1
g58: -1, -1
g59: -1, -1
g60: -1, -1
g61: -1, -1
g62: -1, -1
g63: -1, -1
sum: 50384

n trees built: 9 / 20

-------------
iter: 0

g0: 50295, 49705
sum: 100000


-------------
iter: 1

g0: 25749, 24546
g1: 24601, 25104
sum: 100000


-------------
iter: 2

g0: 12980, 12769
g1: 12369, 12177
g2: 12490, 12111
g3: 12497, 12607
sum: 100000


-------------
iter: 3

g0: 6900, 6080
g1: 6234, 6535
g2: 6100, 6269
g3: 6009, 6168
g4: 6407, 6083
g5: 6014, 6097
g6: 6067, 6430
g7: 6448, 6159
sum: 100000


-------------
iter: 4

g0: 3528, 3372
g1: 2966, 3114
g2: 3082, 3152
g3: 3306, 3229
g4: 3036, 3064
g5: 3069, 3200
g6: 2999, 3010
g7: 3165, 3003
g8: 3218, 3189
g9: 2909, 3174
g10: 2714, 3300
g11: 3086, 3011
g12: 2880, 3187
g13: 3266, 3164
g14: 3173, 3275
g15: 3100, 3059
sum: 100000


-------------
iter: 5

g0: 1660, 1868
g1: 1687, 1685
g2: 1415, 1551
g3: 1537, 1577
g4: 1610, 1472
g5: 1592, 1560
g6: 1573, 1733
g7: 1618, 1611
g8: 1493, 1543
g9: 1530, 1534
g10: 1435, 1634
g11: 1618, 1582
g12: 1515, 1484
g13: 1510, 1500
g14: 1573, 1592
g15: 1533, 1470
g16: 1627, 1591
g17: 1565, 1624
g18: 1465, 1444
g19: 1551, 1623
g20: 1324, 1390
g21: 1643, 1657
g22: 1496, 1590
g23: 1522, 1489
g24: 1407, 1473
g25: 1617, 1570
g26: 1693, 1573
g27: 1540, 1624
g28: 1547, 1626
g29: 1685, 1590
g30: 1582, 1518
g31: 1480, 1579
sum: 100000


-------------
iter: 6

g0: 835, 825
g1: 909, 959
g2: 848, 839
g3: 854, 831
g4: -1, -1
g5: -1, -1
g6: -1, -1
g7: 806, 771
g8: 842, 768
g9: -1, -1
g10: 817, 775
g11: -1, -1
g12: -1, -1
g13: 884, 849
g14: 837, 781
g15: 846, 765
g16: -1, -1
g17: -1, -1
g18: -1, -1
g19: -1, -1
g20: -1, -1
g21: 874, 760
g22: 784, 834
g23: 767, 815
g24: -1, -1
g25: -1, -1
g26: -1, -1
g27: -1, -1
g28: -1, -1
g29: 827, 765
g30: -1, -1
g31: -1, -1
g32: 737, 890
g33: 809, 782
g34: -1, -1
g35: 813, 811
g36: -1, -1
g37: -1, -1
g38: -1, -1
g39: 837, 786
g40: -1, -1
g41: -1, -1
g42: 830, 813
g43: 840, 817
g44: -1, -1
g45: 806, 784
g46: -1, -1
g47: -1, -1
g48: -1, -1
g49: -1, -1
g50: 754, 863
g51: -1, -1
g52: 805, 888
g53: -1, -1
g54: -1, -1
g55: 819, 805
g56: -1, -1
g57: 801, 825
g58: 834, 851
g59: 744, 846
g60: 784, 798
g61: -1, -1
g62: -1, -1
g63: 784, 795
sum: 47348

n trees built: 10 / 20

-------------
iter: 0

g0: 50205, 49795
sum: 100000


-------------
iter: 1

g0: 25132, 25073
g1: 24395, 25400
sum: 100000


-------------
iter: 2

g0: 12511, 12621
g1: 12659, 12414
g2: 12008, 12387
g3: 12484, 12916
sum: 100000


-------------
iter: 3

g0: 6082, 6429
g1: 5917, 6704
g2: 6428, 6231
g3: 6154, 6260
g4: 6108, 5900
g5: 6248, 6139
g6: 6287, 6197
g7: 6271, 6645
sum: 100000


-------------
iter: 4

g0: 3016, 3066
g1: 3239, 3190
g2: 2945, 2972
g3: 3410, 3294
g4: 3286, 3142
g5: 3004, 3227
g6: 2908, 3246
g7: 3084, 3176
g8: 2986, 3122
g9: 2942, 2958
g10: 3327, 2921
g11: 2986, 3153
g12: 3135, 3152
g13: 2984, 3213
g14: 3341, 2930
g15: 3294, 3351
sum: 100000


-------------
iter: 5

g0: 1451, 1565
g1: 1569, 1497
g2: 1653, 1586
g3: 1557, 1633
g4: 1439, 1506
g5: 1593, 1379
g6: 1690, 1720
g7: 1632, 1662
g8: 1616, 1670
g9: 1515, 1627
g10: 1515, 1489
g11: 1662, 1565
g12: 1446, 1462
g13: 1527, 1719
g14: 1588, 1496
g15: 1620, 1556
g16: 1519, 1467
g17: 1548, 1574
g18: 1501, 1441
g19: 1420, 1538
g20: 1659, 1668
g21: 1407, 1514
g22: 1464, 1522
g23: 1570, 1583
g24: 1553, 1582
g25: 1570, 1582
g26: 1447, 1537
g27: 1602, 1611
g28: 1563, 1778
g29: 1534, 1396
g30: 1659, 1635
g31: 1667, 1684
sum: 100000


-------------
iter: 6

g0: -1, -1
g1: -1, -1
g2: -1, -1
g3: -1, -1
g4: 829, 824
g5: 793, 793
g6: -1, -1
g7: 799, 834
g8: -1, -1
g9: -1, -1
g10: 769, 824
g11: -1, -1
g12: 845, 845
g13: 896, 824
g14: 810, 822
g15: 845, 817
g16: 859, 757
g17: 855, 815
g18: -1, -1
g19: 751, 876
g20: -1, -1
g21: -1, -1
g22: 795, 867
g23: -1, -1
g24: -1, -1
g25: -1, -1
g26: -1, -1
g27: 838, 881
g28: 835, 753
g29: -1, -1
g30: 821, 799
g31: -1, -1
g32: -1, -1
g33: -1, -1
g34: -1, -1
g35: -1, -1
g36: -1, -1
g37: -1, -1
g38: -1, -1
g39: -1, -1
g40: 846, 813
g41: 813, 855
g42: -1, -1
g43: -1, -1
g44: -1, -1
g45: -1, -1
g46: -1, -1
g47: 841, 742
g48: -1, -1
g49: 756, 826
g50: -1, -1
g51: 822, 760
g52: -1, -1
g53: -1, -1
g54: 777, 825
g55: 797, 814
g56: -1, -1
g57: 901, 877
g58: -1, -1
g59: -1, -1
g60: 815, 844
g61: 814, 821
g62: 817, 850
g63: 798, 886
sum: 44307

n trees built: 11 / 20

-------------
iter: 0

g0: 49953, 50047
sum: 100000


-------------
iter: 1

g0: 25655, 24298
g1: 24689, 25358
sum: 100000


-------------
iter: 2

g0: 12628, 13027
g1: 12211, 12087
g2: 12351, 12338
g3: 12757, 12601
sum: 100000


-------------
iter: 3

g0: 6197, 6431
g1: 6543, 6484
g2: 6133, 6078
g3: 6017, 6070
g4: 6052, 6299
g5: 6495, 5843
g6: 6239, 6518
g7: 6547, 6054
sum: 100000


-------------
iter: 4

g0: 3114, 3083
g1: 3211, 3220
g2: 3240, 3303
g3: 3148, 3336
g4: 2898, 3235
g5: 2904, 3174
g6: 3059, 2958
g7: 2994, 3076
g8: 2971, 3081
g9: 3108, 3191
g10: 3356, 3139
g11: 2919, 2924
g12: 3085, 3154
g13: 3210, 3308
g14: 3483, 3064
g15: 3042, 3012
sum: 100000


-------------
iter: 5

g0: 1521, 1593
g1: 1551, 1532
g2: 1599, 1612
g3: 1686, 1534
g4: 1639, 1601
g5: 1577, 1726
g6: 1666, 1482
g7: 1615, 1721
g8: 1527, 1371
g9: 1661, 1574
g10: 1540, 1364
g11: 1589, 1585
g12: 1580, 1479
g13: 1425, 1533
g14: 1528, 1466
g15: 1562, 1514
g16: 1532, 1439
g17: 1585, 1496
g18: 1579, 1529
g19: 1622, 1569
g20: 1691, 1665
g21: 1521, 1618
g22: 1441, 1478
g23: 1529, 1395
g24: 1541, 1544
g25: 1525, 1629
g26: 1624, 1586
g27: 1595, 1713
g28: 1722, 1761
g29: 1533, 1531
g30: 1510, 1532
g31: 1555, 1457
sum: 100000


-------------
iter: 6

g0: -1, -1
g1: 758, 835
g2: -1, -1
g3: -1, -1
g4: 806, 793
g5: 835, 777
g6: 880, 806
g7: -1, -1
g8: 766, 873
g9: 801, 800
g10: 807, 770
g11: 872, 854
g12: 868, 798
g13: -1, -1
g14: 855, 760
g15: 843, 878
g16: -1, -1
g17: -1, -1
g18: 848, 813
g19: -1, -1
g20: -1, -1
g21: -1, -1
g22: 784, 805
g23: 773, 812
g24: 789, 791
g25: -1, -1
g26: -1, -1
g27: -1, -1
g28: -1, -1
g29: -1, -1
g30: -1, -1
g31: -1, -1
g32: -1, -1
g33: -1, -1
g34: 824, 761
g35: -1, -1
g36: 789, 790
g37: -1, -1
g38: 824, 798
g39: -1, -1
g40: 895, 796
g41: 837, 828
g42: -1, -1
g43: 814, 804
g44: -1, -1
g45: -1, -1
g46: -1, -1
g47: -1, -1
g48: -1, -1
g49: -1, -1
g50: -1, -1
g51: 823, 806
g52: 815, 809
g53: 707, 879
g54: 775, 820
g55: 839, 874
g56: 817, 905
g57: 867, 894
g58: -1, -1
g59: -1, -1
g60: -1, -1
g61: -1, -1
g62: -1, -1
g63: -1, -1
sum: 45768

n trees built: 12 / 20

-------------
iter: 0

g0: 49946, 50054
sum: 100000


-------------
iter: 1

g0: 24755, 25191
g1: 25046, 25008
sum: 100000


-------------
iter: 2

g0: 12045, 12710
g1: 12950, 12241
g2: 12489, 12557
g3: 11959, 13049
sum: 100000


-------------
iter: 3

g0: 6261, 5784
g1: 6317, 6393
g2: 6328, 6622
g3: 6147, 6094
g4: 6127, 6362
g5: 6334, 6223
g6: 6256, 5703
g7: 6489, 6560
sum: 100000


-------------
iter: 4

g0: 3104, 3157
g1: 2891, 2893
g2: 3152, 3165
g3: 3116, 3277
g4: 3223, 3105
g5: 3268, 3354
g6: 3058, 3089
g7: 3033, 3061
g8: 3192, 2935
g9: 3157, 3205
g10: 3171, 3163
g11: 3112, 3111
g12: 3144, 3112
g13: 2816, 2887
g14: 3206, 3283
g15: 3313, 3247
sum: 100000


-------------
iter: 5

g0: 1553, 1551
g1: 1589, 1568
g2: 1463, 1428
g3: 1552, 1341
g4: 1538, 1614
g5: 1625, 1540
g6: 1517, 1599
g7: 1629, 1648
g8: 1573, 1650
g9: 1542, 1563
g10: 1685, 1583
g11: 1627, 1727
g12: 1475, 1583
g13: 1604, 1485
g14: 1435, 1598
g15: 1452, 1609
g16: 1606, 1586
g17: 1414, 1521
g18: 1610, 1547
g19: 1662, 1543
g20: 1600, 1571
g21: 1573, 1590
g22: 1574, 1538
g23: 1550, 1561
g24: 1581, 1563
g25: 1647, 1465
g26: 1400, 1416
g27: 1471, 1416
g28: 1518, 1688
g29: 1625, 1658
g30: 1603, 1710
g31: 1656, 1591
sum: 100000


-------------
iter: 6

g0: -1, -1
g1: -1, -1
g2: 794, 795
g3: -1, -1
g4: -1, -1
g5: -1, -1
g6: -1, -1
g7: -1, -1
g8: -1, -1
g9: 814, 800
g10: 815, 810
g11: -1, -1
g12: -1, -1
g13: 792, 807
g14: 849, 780
g15: 815, 833
g16: -1, -1
g17: 867, 783
g18: -1, -1
g19: -1, -1
g20: 802, 883
g21: 803, 780
g22: 817, 810
g23: 864, 863
g24: -1, -1
g25: 791, 792
g26: 810, 794
g27: -1, -1
g28: -1, -1
g29: 863, 735
g30: -1, -1
g31: 843, 766
g32: 832, 774
g33: 778, 808
g34: -1, -1
g35: -1, -1
g36: 806, 804
g37: -1, -1
g38: 834, 828
g39: -1, -1
g40: 804, 796
g41: -1, -1
g42: -1, -1
g43: 760, 830
g44: -1, -1
g45: -1, -1
g46: -1, -1
g47: -1, -1
g48: 790, 791
g49: -1, -1
g50: 853, 794
g51: -1, -1
g52: -1, -1
g53: -1, -1
g54: -1, -1
g55: -1, -1
g56: -1, -1
g57: 867, 821
g58: 792, 833
g59: 815, 843
g60: 809, 794
g61: 867, 843
g62: 825, 831
g63: 802, 789
sum: 48715

n trees built: 13 / 20

-------------
iter: 0

g0: 49915, 50085
sum: 100000


-------------
iter: 1

g0: 24196, 25719
g1: 24962, 25123
sum: 100000


-------------
iter: 2

g0: 11961, 12235
g1: 12908, 12811
g2: 12118, 12844
g3: 12235, 12888
sum: 100000


-------------
iter: 3

g0: 5625, 6336
g1: 6235, 6000
g2: 6731, 6177
g3: 6440, 6371
g4: 5974, 6144
g5: 6628, 6216
g6: 6183, 6052
g7: 6152, 6736
sum: 100000


-------------
iter: 4

g0: 2847, 2778
g1: 3204, 3132
g2: 3035, 3200
g3: 3121, 2879
g4: 3260, 3471
g5: 2969, 3208
g6: 3245, 3195
g7: 3207, 3164
g8: 2957, 3017
g9: 2975, 3169
g10: 3255, 3373
g11: 3012, 3204
g12: 3100, 3083
g13: 3173, 2879
g14: 3131, 3021
g15: 3241, 3495
sum: 100000


-------------
iter: 5

g0: 1440, 1407
g1: 1377, 1401
g2: 1534, 1670
g3: 1555, 1577
g4: 1521, 1514
g5: 1586, 1614
g6: 1632, 1489
g7: 1364, 1515
g8: 1622, 1638
g9: 1659, 1812
g10: 1468, 1501
g11: 1611, 1597
g12: 1569, 1676
g13: 1516, 1679
g14: 1617, 1590
g15: 1648, 1516
g16: 1404, 1553
g17: 1517, 1500
g18: 1465, 1510
g19: 1670, 1499
g20: 1641, 1614
g21: 1757, 1616
g22: 1531, 1481
g23: 1630, 1574
g24: 1599, 1501
g25: 1477, 1606
g26: 1594, 1579
g27: 1524, 1355
g28: 1540, 1591
g29: 1388, 1633
g30: 1625, 1616
g31: 1804, 1691
sum: 100000


-------------
iter: 6

g0: -1, -1
g1: -1, -1
g2: -1, -1
g3: -1, -1
g4: -1, -1
g5: 837, 833
g6: -1, -1
g7: 768, 809
g8: -1, -1
g9: -1, -1
g10: 795, 791
g11: 867, 747
g12: 860, 772
g13: -1, -1
g14: -1, -1
g15: -1, -1
g16: 823, 799
g17: 824, 814
g18: 817, 842
g19: 883, 929
g20: -1, -1
g21: -1, -1
g22: 784, 827
g23: 738, 859
g24: -1, -1
g25: 791, 885
g26: -1, -1
g27: 767, 912
g28: 883, 734
g29: 791, 799
g30: 830, 818
g31: -1, -1
g32: -1, -1
g33: -1, -1
g34: -1, -1
g35: -1, -1
g36: -1, -1
g37: -1, -1
g38: 847, 823
g39: -1, -1
g40: 841, 800
g41: 840, 774
g42: 855, 902
g43: 829, 787
g44: -1, -1
g45: -1, -1
g46: 793, 837
g47: -1, -1
g48: 761, 838
g49: -1, -1
g50: -1, -1
g51: 807, 799
g52: 828, 766
g53: 758, 821
g54: -1, -1
g55: -1, -1
g56: -1, -1
g57: 798, 793
g58: -1, -1
g59: 852, 781
g60: 821, 804
g61: 866, 750
g62: 990, 814
g63: 828, 863
sum: 52430

n trees built: 14 / 20

-------------
iter: 0

g0: 49788, 50212
sum: 100000


-------------
iter: 1

g0: 25256, 24532
g1: 25181, 25031
sum: 100000


-------------
iter: 2

g0: 13019, 12237
g1: 12133, 12399
g2: 12765, 12416
g3: 12336, 12695
sum: 100000


-------------
iter: 3

g0: 6531, 6488
g1: 6010, 6227
g2: 6149, 5984
g3: 5932, 6467
g4: 6262, 6503
g5: 5875, 6541
g6: 6417, 5919
g7: 6260, 6435
sum: 100000


-------------
iter: 4

g0: 3201, 3330
g1: 3243, 3245
g2: 3140, 2870
g3: 3058, 3169
g4: 3038, 3111
g5: 3029, 2955
g6: 2989, 2943
g7: 3134, 3333
g8: 3001, 3261
g9: 3238, 3265
g10: 2979, 2896
g11: 3172, 3369
g12: 3205, 3212
g13: 2965, 2954
g14: 3085, 3175
g15: 3308, 3127
sum: 100000


-------------
iter: 5

g0: 1593, 1608
g1: 1631, 1699
g2: 1613, 1630
g3: 1622, 1623
g4: 1536, 1604
g5: 1395, 1475
g6: 1459, 1599
g7: 1603, 1566
g8: 1515, 1523
g9: 1638, 1473
g10: 1538, 1491
g11: 1508, 1447
g12: 1413, 1576
g13: 1520, 1423
g14: 1567, 1567
g15: 1693, 1640
g16: 1517, 1484
g17: 1676, 1585
g18: 1653, 1585
g19: 1591, 1674
g20: 1547, 1432
g21: 1441, 1455
g22: 1609, 1563
g23: 1725, 1644
g24: 1522, 1683
g25: 1661, 1551
g26: 1439, 1526
g27: 1408, 1546
g28: 1457, 1628
g29: 1554, 1621
g30: 1706, 1602
g31: 1550, 1577
sum: 100000


-------------
iter: 6

g0: 835, 758
g1: 795, 813
g2: 786, 845
g3: 843, 856
g4: 850, 763
g5: 764, 866
g6: 836, 786
g7: 827, 796
g8: -1, -1
g9: 809, 795
g10: -1, -1
g11: -1, -1
g12: -1, -1
g13: 787, 812
g14: 828, 775
g15: -1, -1
g16: -1, -1
g17: -1, -1
g18: 826, 812
g19: -1, -1
g20: -1, -1
g21: -1, -1
g22: -1, -1
g23: -1, -1
g24: -1, -1
g25: 824, 752
g26: -1, -1
g27: -1, -1
g28: -1, -1
g29: -1, -1
g30: 892, 801
g31: 830, 810
g32: -1, -1
g33: -1, -1
g34: 840, 836
g35: 769, 816
g36: 807, 846
g37: 812, 773
g38: 801, 790
g39: 820, 854
g40: -1, -1
g41: -1, -1
g42: -1, -1
g43: -1, -1
g44: 810, 799
g45: -1, -1
g46: 811, 914
g47: 834, 810
g48: -1, -1
g49: 860, 823
g50: 812, 849
g51: -1, -1
g52: -1, -1
g53: -1, -1
g54: -1, -1
g55: -1, -1
g56: -1, -1
g57: 794, 834
g58: -1, -1
g59: 785, 836
g60: 887, 819
g61: 861, 741
g62: -1, -1
g63: 769, 808
sum: 50526

n trees built: 15 / 20

-------------
iter: 0

g0: 49893, 50107
sum: 100000


-------------
iter: 1

g0: 24876, 25017
g1: 25492, 24615
sum: 100000


-------------
iter: 2

g0: 12323, 12553
g1: 12289, 12728
g2: 13050, 12442
g3: 12189, 12426
sum: 100000


-------------
iter: 3

g0: 6211, 6112
g1: 6106, 6447
g2: 6023, 6266
g3: 6298, 6430
g4: 6626, 6424
g5: 6270, 6172
g6: 6095, 6094
g7: 6128, 6298
sum: 100000


-------------
iter: 4

g0: 3123, 3088
g1: 3155, 2957
g2: 3018, 3088
g3: 3339, 3108
g4: 3127, 2896
g5: 3197, 3069
g6: 3131, 3167
g7: 3146, 3284
g8: 3399, 3227
g9: 3199, 3225
g10: 3104, 3166
g11: 2892, 3280
g12: 3002, 3093
g13: 3005, 3089
g14: 3087, 3041
g15: 2963, 3335
sum: 100000


-------------
iter: 5

g0: 1667, 1456
g1: 1530, 1558
g2: 1643, 1512
g3: 1487, 1470
g4: 1523, 1495
g5: 1527, 1561
g6: 1746, 1593
g7: 1586, 1522
g8: 1553, 1574
g9: 1379, 1517
g10: 1578, 1619
g11: 1476, 1593
g12: 1529, 1602
g13: 1567, 1600
g14: 1694, 1452
g15: 1580, 1704
g16: 1714, 1685
g17: 1671, 1556
g18: 1568, 1631
g19: 1588, 1637
g20: 1611, 1493
g21: 1599, 1567
g22: 1483, 1409
g23: 1545, 1735
g24: 1537, 1465
g25: 1659, 1434
g26: 1556, 1449
g27: 1536, 1553
g28: 1491, 1596
g29: 1500, 1541
g30: 1489, 1474
g31: 1683, 1652
sum: 100000


-------------
iter: 6

g0: 852, 815
g1: -1, -1
g2: -1, -1
g3: -1, -1
g4: 860, 783
g5: -1, -1
g6: -1, -1
g7: -1, -1
g8: -1, -1
g9: -1, -1
g10: -1, -1
g11: -1, -1
g12: 879, 867
g13: 810, 783
g14: 767, 819
g15: -1, -1
g16: -1, -1
g17: -1, -1
g18: -1, -1
g19: -1, -1
g20: 791, 787
g21: 762, 857
g22: -1, -1
g23: 844, 749
g24: -1, -1
g25: 760, 842
g26: -1, -1
g27: 781, 819
g28: 888, 806
g29: -1, -1
g30: 780, 800
g31: 856, 848
g32: 888, 826
g33: 872, 813
g34: 853, 818
g35: -1, -1
g36: -1, -1
g37: 810, 821
g38: 815, 773
g39: 803, 834
g40: 770, 841
g41: -1, -1
g42: 813, 786
g43: -1, -1
g44: -1, -1
g45: -1, -1
g46: -1, -1
g47: 911, 824
g48: -1, -1
g49: -1, -1
g50: 844, 815
g51: -1, -1
g52: -1, -1
g53: -1, -1
g54: -1, -1
g55: -1, -1
g56: -1, -1
g57: 782, 814
g58: -1, -1
g59: -1, -1
g60: -1, -1
g61: -1, -1
g62: 791, 892
g63: 803, 849
sum: 42590

n trees built: 16 / 20

-------------
iter: 0

g0: 49816, 50184
sum: 100000


-------------
iter: 1

g0: 25219, 24597
g1: 25148, 25036
sum: 100000


-------------
iter: 2

g0: 12830, 12389
g1: 12046, 12551
g2: 12755, 12393
g3: 12501, 12535
sum: 100000


-------------
iter: 3

g0: 6344, 6486
g1: 6182, 6207
g2: 6205, 5841
g3: 6177, 6374
g4: 6400, 6355
g5: 6166, 6227
g6: 6241, 6260
g7: 6254, 6281
sum: 100000


-------------
iter: 4

g0: 3204, 3140
g1: 3214, 3272
g2: 2990, 3192
g3: 3064, 3143
g4: 2999, 3206
g5: 2824, 3017
g6: 3140, 3037
g7: 3179, 3195
g8: 3280, 3120
g9: 3229, 3126
g10: 3076, 3090
g11: 3165, 3062
g12: 3255, 2986
g13: 3163, 3097
g14: 3160, 3094
g15: 3118, 3163
sum: 100000


-------------
iter: 5

g0: 1638, 1566
g1: 1623, 1517
g2: 1663, 1551
g3: 1633, 1639
g4: 1524, 1466
g5: 1632, 1560
g6: 1485, 1579
g7: 1668, 1475
g8: 1507, 1492
g9: 1554, 1652
g10: 1409, 1415
g11: 1485, 1532
g12: 1570, 1570
g13: 1482, 1555
g14: 1612, 1567
g15: 1536, 1659
g16: 1654, 1626
g17: 1579, 1541
g18: 1581, 1648
g19: 1541, 1585
g20: 1485, 1591
g21: 1438, 1652
g22: 1595, 1570
g23: 1562, 1500
g24: 1715, 1540
g25: 1499, 1487
g26: 1656, 1507
g27: 1499, 1598
g28: 1697, 1463
g29: 1591, 1503
g30: 1555, 1563
g31: 1627, 1536
sum: 100000


-------------
iter: 6

g0: 789, 849
g1: -1, -1
g2: 798, 825
g3: -1, -1
g4: 858, 805
g5: -1, -1
g6: 768, 865
g7: 833, 806
g8: -1, -1
g9: -1, -1
g10: 836, 796
g11: -1, -1
g12: -1, -1
g13: 785, 794
g14: 873, 795
g15: -1, -1
g16: -1, -1
g17: -1, -1
g18: -1, -1
g19: 767, 885
g20: -1, -1
g21: -1, -1
g22: -1, -1
g23: -1, -1
g24: -1, -1
g25: -1, -1
g26: -1, -1
g27: -1, -1
g28: 754, 858
g29: -1, -1
g30: -1, -1
g31: 825, 834
g32: 850, 804
g33: 859, 767
g34: 722, 857
g35: -1, -1
g36: 803, 778
g37: 824, 824
g38: -1, -1
g39: 802, 783
g40: -1, -1
g41: 808, 783
g42: -1, -1
g43: 865, 787
g44: 796, 799
g45: -1, -1
g46: -1, -1
g47: -1, -1
g48: 837, 878
g49: -1, -1
g50: -1, -1
g51: -1, -1
g52: 809, 847
g53: -1, -1
g54: -1, -1
g55: 743, 855
g56: 830, 867
g57: -1, -1
g58: 796, 795
g59: -1, -1
g60: -1, -1
g61: -1, -1
g62: 843, 784
g63: -1, -1
sum: 42317

n trees built: 17 / 20

-------------
iter: 0

g0: 50290, 49710
sum: 100000


-------------
iter: 1

g0: 25261, 25029
g1: 24454, 25256
sum: 100000


-------------
iter: 2

g0: 12679, 12582
g1: 12371, 12658
g2: 11943, 12511
g3: 12349, 12907
sum: 100000


-------------
iter: 3

g0: 6621, 6058
g1: 6389, 6193
g2: 6113, 6258
g3: 6223, 6435
g4: 5734, 6209
g5: 6235, 6276
g6: 6199, 6150
g7: 6789, 6118
sum: 100000


-------------
iter: 4

g0: 3240, 3381
g1: 2931, 3127
g2: 3186, 3203
g3: 2982, 3211
g4: 3202, 2911
g5: 3145, 3113
g6: 2953, 3270
g7: 3269, 3166
g8: 2891, 2843
g9: 3210, 2999
g10: 3058, 3177
g11: 3127, 3149
g12: 3237, 2962
g13: 3069, 3081
g14: 3543, 3246
g15: 3015, 3103
sum: 100000


-------------
iter: 5

g0: 1612, 1628
g1: 1630, 1751
g2: 1439, 1492
g3: 1633, 1494
g4: 1484, 1702
g5: 1508, 1695
g6: 1533, 1449
g7: 1582, 1629
g8: 1621, 1581
g9: 1441, 1470
g10: 1649, 1496
g11: 1422, 1691
g12: 1442, 1511
g13: 1618, 1652
g14: 1596, 1673
g15: 1599, 1567
g16: 1429, 1462
g17: 1386, 1457
g18: 1685, 1525
g19: 1418, 1581
g20: 1654, 1404
g21: 1650, 1527
g22: 1515, 1612
g23: 1651, 1498
g24: 1554, 1683
g25: 1551, 1411
g26: 1527, 1542
g27: 1561, 1520
g28: 1684, 1859
g29: 1567, 1679
g30: 1480, 1535
g31: 1595, 1508
sum: 100000


-------------
iter: 6

g0: 776, 836
g1: 857, 771
g2: 831, 799
g3: 860, 891
g4: -1, -1
g5: -1, -1
g6: 794, 839
g7: -1, -1
g8: -1, -1
g9: 874, 828
g10: -1, -1
g11: 805, 890
g12: -1, -1
g13: -1, -1
g14: 816, 766
g15: 784, 845
g16: 860, 761
g17: 810, 771
g18: -1, -1
g19: -1, -1
g20: 829, 820
g21: -1, -1
g22: -1, -1
g23: 856, 835
g24: -1, -1
g25: -1, -1
g26: 845, 773
g27: 877, 775
g28: 818, 778
g29: 886, 787
g30: 813, 786
g31: -1, -1
g32: -1, -1
g33: -1, -1
g34: -1, -1
g35: -1, -1
g36: 831, 854
g37: -1, -1
g38: -1, -1
g39: 774, 807
g40: 844, 810
g41: -1, -1
g42: 804, 846
g43: -1, -1
g44: -1, -1
g45: 843, 769
g46: 843, 808
g47: -1, -1
g48: -1, -1
g49: 813, 870
g50: -1, -1
g51: -1, -1
g52: -1, -1
g53: -1, -1
g54: -1, -1
g55: -1, -1
g56: 810, 874
g57: 970, 889
g58: -1, -1
g59: 831, 848
g60: -1, -1
g61: -1, -1
g62: 783, 812
g63: -1, -1
sum: 47805

n trees built: 18 / 20

-------------
iter: 0

g0: 50113, 49887
sum: 100000


-------------
iter: 1

g0: 24523, 25590
g1: 25553, 24334
sum: 100000


-------------
iter: 2

g0: 12170, 12353
g1: 12982, 12608
g2: 13007, 12546
g3: 12057, 12277
sum: 100000


-------------
iter: 3

g0: 5923, 6247
g1: 6248, 6105
g2: 6658, 6324
g3: 6357, 6251
g4: 6495, 6512
g5: 6148, 6398
g6: 5915, 6142
g7: 6216, 6061
sum: 100000


-------------
iter: 4

g0: 3054, 2869
g1: 3082, 3165
g2: 3240, 3008
g3: 3114, 2991
g4: 3325, 3333
g5: 3275, 3049
g6: 3132, 3225
g7: 2960, 3291
g8: 3233, 3262
g9: 3321, 3191
g10: 3028, 3120
g11: 3176, 3222
g12: 2921, 2994
g13: 3076, 3066
g14: 3345, 2871
g15: 3042, 3019
sum: 100000


-------------
iter: 5

g0: 1568, 1486
g1: 1452, 1417
g2: 1492, 1590
g3: 1508, 1657
g4: 1533, 1707
g5: 1528, 1480
g6: 1573, 1541
g7: 1469, 1522
g8: 1607, 1718
g9: 1643, 1690
g10: 1633, 1642
g11: 1545, 1504
g12: 1542, 1590
g13: 1662, 1563
g14: 1535, 1425
g15: 1616, 1675
g16: 1610, 1623
g17: 1635, 1627
g18: 1678, 1643
g19: 1609, 1582
g20: 1517, 1511
g21: 1515, 1605
g22: 1561, 1615
g23: 1561, 1661
g24: 1482, 1439
g25: 1432, 1562
g26: 1517, 1559
g27: 1521, 1545
g28: 1590, 1755
g29: 1399, 1472
g30: 1532, 1510
g31: 1513, 1506
sum: 100000


-------------
iter: 6

g0: -1, -1
g1: -1, -1
g2: -1, -1
g3: -1, -1
g4: -1, -1
g5: 784, 806
g6: -1, -1
g7: 861, 796
g8: -1, -1
g9: 849, 858
g10: -1, -1
g11: -1, -1
g12: -1, -1
g13: -1, -1
g14: -1, -1
g15: -1, -1
g16: 777, 830
g17: 855, 863
g18: 818, 825
g19: 871, 819
g20: 830, 803
g21: 770, 872
g22: -1, -1
g23: -1, -1
g24: -1, -1
g25: 848, 742
g26: 804, 858
g27: -1, -1
g28: -1, -1
g29: -1, -1
g30: 730, 886
g31: 833, 842
g32: 735, 875
g33: 836, 787
g34: 798, 837
g35: 846, 781
g36: 872, 806
g37: 803, 840
g38: 804, 805
g39: 784, 798
g40: -1, -1
g41: -1, -1
g42: -1, -1
g43: 777, 828
g44: -1, -1
g45: 813, 802
g46: -1, -1
g47: 838, 823
g48: -1, -1
g49: -1, -1
g50: -1, -1
g51: -1, -1
g52: -1, -1
g53: -1, -1
g54: -1, -1
g55: -1, -1
g56: 811, 779
g57: 920, 835
g58: -1, -1
g59: -1, -1
g60: -1, -1
g61: -1, -1
g62: -1, -1
g63: -1, -1
sum: 42587

n trees built: 19 / 20

-------------
iter: 0

g0: 50011, 49989
sum: 100000


-------------
iter: 1

g0: 25494, 24517
g1: 25147, 24842
sum: 100000


-------------
iter: 2

g0: 12686, 12808
g1: 12309, 12208
g2: 12252, 12895
g3: 12258, 12584
sum: 100000


-------------
iter: 3

g0: 6662, 6024
g1: 6142, 6666
g2: 5929, 6380
g3: 6021, 6187
g4: 6246, 6006
g5: 6584, 6311
g6: 6177, 6081
g7: 6392, 6192
sum: 100000


-------------
iter: 4

g0: 3433, 3229
g1: 3008, 3016
g2: 2992, 3150
g3: 3316, 3350
g4: 2993, 2936
g5: 3103, 3277
g6: 3116, 2905
g7: 3109, 3078
g8: 3107, 3139
g9: 2982, 3024
g10: 3246, 3338
g11: 3080, 3231
g12: 3003, 3174
g13: 3183, 2898
g14: 3360, 3032
g15: 3044, 3148
sum: 100000


-------------
iter: 5

g0: 1673, 1760
g1: 1615, 1614
g2: 1624, 1384
g3: 1420, 1596
g4: 1475, 1517
g5: 1556, 1594
g6: 1586, 1730
g7: 1718, 1632
g8: 1530, 1463
g9: 1455, 1481
g10: 1515, 1588
g11: 1617, 1660
g12: 1459, 1657
g13: 1439, 1466
g14: 1561, 1548
g15: 1575, 1503
g16: 1475, 1632
g17: 1529, 1610
g18: 1409, 1573
g19: 1509, 1515
g20: 1573, 1673
g21: 1642, 1696
g22: 1542, 1538
g23: 1546, 1685
g24: 1468, 1535
g25: 1511, 1663
g26: 1577, 1606
g27: 1422, 1476
g28: 1679, 1681
g29: 1683, 1349
g30: 1506, 1538
g31: 1571, 1577
sum: 100000


-------------
iter: 6

g0: 859, 814
g1: 891, 869
g2: 805, 810
g3: 793, 821
g4: 756, 868
g5: -1, -1
g6: -1, -1
g7: 813, 783
g8: -1, -1
g9: -1, -1
g10: -1, -1
g11: 760, 834
g12: 750, 836
g13: 851, 879
g14: 868, 850
g15: 784, 848
g16: -1, -1
g17: -1, -1
g18: -1, -1
g19: -1, -1
g20: -1, -1
g21: 780, 808
g22: 823, 794
g23: 817, 843
g24: -1, -1
g25: 817, 840
g26: -1, -1
g27: -1, -1
g28: -1, -1
g29: -1, -1
g30: 768, 807
g31: -1, -1
g32: -1, -1
g33: 808, 824
g34: -1, -1
g35: 820, 790
g36: -1, -1
g37: -1, -1
g38: -1, -1
g39: -1, -1
g40: -1, -1
g41: 834, 839
g42: 831, 811
g43: 857, 839
g44: -1, -1
g45: -1, -1
g46: -1, -1
g47: 859, 826
g48: -1, -1
g49: -1, -1
g50: -1, -1
g51: 839, 824
g52: 803, 774
g53: 872, 734
g54: -1, -1
g55: -1, -1
g56: 786, 893
g57: 838, 843
g58: 822, 861
g59: -1, -1
g60: -1, -1
g61: -1, -1
g62: -1, -1
g63: 794, 783
sum: 47573

n trees built: 20 / 20
 Done in 39 secs.
limit: 10	precision: 12.00% 	avg. time: 0.000350s
limit: 100	precision: 15.00% 	avg. time: 0.000860s
limit: 1000	precision: 39.00% 	avg. time: 0.006610s
limit: 10000	precision: 100.00% 	avg. time: 0.041790s

Done
